127.0.0.1 - - [13/Jan/2025:14:58:34 +0100] "GET / HTTP/1.1" 200 1629
127.0.0.1 - - [13/Jan/2025:14:58:35 +0100] "GET / HTTP/1.1" 200 1629
127.0.0.1 - - [13/Jan/2025:14:58:35 +0100] "GET / HTTP/1.1" 200 1629
127.0.0.1 - - [13/Jan/2025:14:58:35 +0100] "GET / HTTP/1.1" 200 1629
127.0.0.1 - - [13/Jan/2025:14:58:38 +0100] "GET /config/ HTTP/1.1" 200 1200
127.0.0.1 - - [13/Jan/2025:14:58:38 +0100] "GET /icons/text.gif HTTP/1.1" 200 229
127.0.0.1 - - [13/Jan/2025:15:00:52 +0100] "GET / HTTP/1.1" 200 724
127.0.0.1 - - [13/Jan/2025:15:00:54 +0100] "GET / HTTP/1.1" 200 724
::1 - - [13/Jan/2025:15:02:11 +0100] "GET /phpmyadmin/index.php?route=/database/sql&db=cyklistickey&ajax_request=true&ajax_page_request=true&_nocache=1736776930984928240&token=50484a2d4c333d374360694c574b227e HTTP/1.1" 200 5650
::1 - - [13/Jan/2025:15:02:13 +0100] "POST /phpmyadmin/index.php?route=/navigation&ajax_request=1 HTTP/1.1" 200 3261
::1 - - [13/Jan/2025:15:02:14 +0100] "POST /phpmyadmin/index.php?route=/database/sql/autocomplete HTTP/1.1" 200 2263
::1 - - [13/Jan/2025:15:02:15 +0100] "POST /phpmyadmin/index.php?route=/lint HTTP/1.1" 200 28
::1 - - [13/Jan/2025:15:02:16 +0100] "POST /phpmyadmin/index.php?route=/lint HTTP/1.1" 200 28
::1 - - [13/Jan/2025:15:02:18 +0100] "POST /phpmyadmin/index.php?route=/lint HTTP/1.1" 200 28
::1 - - [13/Jan/2025:15:02:20 +0100] "POST /phpmyadmin/index.php?route=/import HTTP/1.1" 200 4048
::1 - - [13/Jan/2025:15:02:39 +0100] "GET /phpmyadmin/index.php?route=/database/structure&db=cyklistickey&ajax_request=true&ajax_page_request=true&_nocache=1736776959296577051&token=50484a2d4c333d374360694c574b227e HTTP/1.1" 200 8452
::1 - - [13/Jan/2025:15:02:41 +0100] "POST /phpmyadmin/index.php?route=/navigation&ajax_request=1 HTTP/1.1" 200 3261
::1 - - [13/Jan/2025:15:02:56 +0100] "GET /phpmyadmin/index.php?route=/database/structure&db=cyklistickey&ajax_request=true&ajax_page_request=true&_nocache=1736776976823312258&token=50484a2d4c333d374360694c574b227e HTTP/1.1" 200 8452
::1 - - [13/Jan/2025:15:02:57 +0100] "POST /phpmyadmin/index.php?route=/navigation&ajax_request=1 HTTP/1.1" 200 3261
::1 - - [13/Jan/2025:15:03:05 +0100] "POST /phpmyadmin/index.php?route=/config/set HTTP/1.1" 200 1544
::1 - - [13/Jan/2025:15:03:05 +0100] "POST /phpmyadmin/index.php?route=/config/set HTTP/1.1" 200 1544
::1 - - [13/Jan/2025:15:03:10 +0100] "POST /phpmyadmin/index.php?route=/database/structure/drop-form HTTP/1.1" 200 2191
::1 - - [13/Jan/2025:15:03:11 +0100] "POST /phpmyadmin/index.php?route=/navigation&ajax_request=1 HTTP/1.1" 200 3261
::1 - - [13/Jan/2025:15:03:13 +0100] "POST /phpmyadmin/index.php?route=/database/structure/drop-table HTTP/1.1" 200 3817
::1 - - [13/Jan/2025:15:03:14 +0100] "POST /phpmyadmin/index.php?route=/navigation&ajax_request=1 HTTP/1.1" 200 2426
::1 - - [13/Jan/2025:15:03:15 +0100] "GET /phpmyadmin/index.php?route=/database/sql&db=cyklistickey&ajax_request=true&ajax_page_request=true&_nocache=1736776995213782156&token=50484a2d4c333d374360694c574b227e HTTP/1.1" 200 5650
::1 - - [13/Jan/2025:15:03:15 +0100] "POST /phpmyadmin/index.php?route=/navigation&ajax_request=1 HTTP/1.1" 200 2426
::1 - - [13/Jan/2025:15:03:16 +0100] "POST /phpmyadmin/index.php?route=/database/sql/autocomplete HTTP/1.1" 200 1656
::1 - - [13/Jan/2025:15:03:16 +0100] "POST /phpmyadmin/index.php?route=/lint HTTP/1.1" 200 28
::1 - - [13/Jan/2025:15:03:18 +0100] "POST /phpmyadmin/index.php?route=/import HTTP/1.1" 200 4019
::1 - - [13/Jan/2025:15:03:20 +0100] "POST /phpmyadmin/index.php?route=/navigation&ajax_request=1 HTTP/1.1" 200 3214
::1 - - [13/Jan/2025:15:03:23 +0100] "GET /phpmyadmin/index.php?route=/database/structure&db=cyklistickey&ajax_request=true&ajax_page_request=true&_nocache=1736777003134860813&token=50484a2d4c333d374360694c574b227e HTTP/1.1" 200 8178
::1 - - [13/Jan/2025:15:03:23 +0100] "POST /phpmyadmin/index.php?route=/navigation&ajax_request=1 HTTP/1.1" 200 3214
::1 - - [13/Jan/2025:15:03:28 +0100] "GET /phpmyadmin/index.php?route=/database/sql&db=cyklistickey&ajax_request=true&ajax_page_request=true&_nocache=1736777008325947988&token=50484a2d4c333d374360694c574b227e HTTP/1.1" 200 5650
::1 - - [13/Jan/2025:15:03:28 +0100] "POST /phpmyadmin/index.php?route=/navigation&ajax_request=1 HTTP/1.1" 200 3214
::1 - - [13/Jan/2025:15:03:29 +0100] "POST /phpmyadmin/index.php?route=/database/sql/autocomplete HTTP/1.1" 200 2282
::1 - - [13/Jan/2025:15:03:30 +0100] "POST /phpmyadmin/index.php?route=/lint HTTP/1.1" 200 28
::1 - - [13/Jan/2025:15:03:33 +0100] "GET /phpmyadmin/index.php?route=/database/structure&db=cyklistickey&ajax_request=true&ajax_page_request=true&_nocache=1736777013224432469&token=50484a2d4c333d374360694c574b227e HTTP/1.1" 200 8178
::1 - - [13/Jan/2025:15:03:33 +0100] "POST /phpmyadmin/index.php?route=/navigation&ajax_request=1 HTTP/1.1" 200 3214
::1 - - [13/Jan/2025:15:08:59 +0100] "GET /phpmyadmin/index.php?route=/database/sql&db=cyklistickey&ajax_request=true&ajax_page_request=true&_nocache=1736777339279451591&token=50484a2d4c333d374360694c574b227e HTTP/1.1" 200 5650
::1 - - [13/Jan/2025:15:08:59 +0100] "POST /phpmyadmin/index.php?route=/navigation&ajax_request=1 HTTP/1.1" 200 3261
::1 - - [13/Jan/2025:15:09:01 +0100] "POST /phpmyadmin/index.php?route=/database/sql/autocomplete HTTP/1.1" 200 2293
::1 - - [13/Jan/2025:15:09:01 +0100] "POST /phpmyadmin/index.php?route=/lint HTTP/1.1" 200 28
::1 - - [13/Jan/2025:15:09:03 +0100] "POST /phpmyadmin/index.php?route=/import HTTP/1.1" 200 4100
::1 - - [13/Jan/2025:15:09:08 +0100] "GET /phpmyadmin/index.php?route=/sql&pos=0&db=cyklistickey&table=admin_access&ajax_request=true&ajax_page_request=true&_nocache=1736777348537118058&token=50484a2d4c333d374360694c574b227e HTTP/1.1" 200 193
::1 - - [13/Jan/2025:15:10:11 +0100] "GET /phpmyadmin/index.php?route=/database/structure&db=cyklistickey&ajax_request=true&ajax_page_request=true&_nocache=17367774111416102&token=50484a2d4c333d374360694c574b227e HTTP/1.1" 200 8449
::1 - - [13/Jan/2025:15:10:11 +0100] "POST /phpmyadmin/index.php?route=/navigation&ajax_request=1 HTTP/1.1" 200 3261
::1 - - [13/Jan/2025:15:10:15 +0100] "POST /phpmyadmin/index.php?route=/database/structure/drop-form HTTP/1.1" 200 2191
::1 - - [13/Jan/2025:15:10:15 +0100] "POST /phpmyadmin/index.php?route=/navigation&ajax_request=1 HTTP/1.1" 200 3261
::1 - - [13/Jan/2025:15:10:18 +0100] "POST /phpmyadmin/index.php?route=/database/structure/drop-table HTTP/1.1" 200 3817
::1 - - [13/Jan/2025:15:10:18 +0100] "POST /phpmyadmin/index.php?route=/navigation&ajax_request=1 HTTP/1.1" 200 2426
::1 - - [13/Jan/2025:15:10:20 +0100] "GET /phpmyadmin/index.php?route=/database/structure&db=cyklistickey&ajax_request=true&ajax_page_request=true&_nocache=1736777420938253464&token=50484a2d4c333d374360694c574b227e HTTP/1.1" 200 3423
::1 - - [13/Jan/2025:15:10:21 +0100] "POST /phpmyadmin/index.php?route=/navigation&ajax_request=1 HTTP/1.1" 200 2426
::1 - - [13/Jan/2025:15:10:23 +0100] "GET /phpmyadmin/index.php?route=/database/structure&db=cyklistickey&ajax_request=true&ajax_page_request=true&_nocache=1736777423091467910&token=50484a2d4c333d374360694c574b227e HTTP/1.1" 200 3423
::1 - - [13/Jan/2025:15:10:23 +0100] "POST /phpmyadmin/index.php?route=/navigation&ajax_request=1 HTTP/1.1" 200 2426
::1 - - [13/Jan/2025:15:10:23 +0100] "GET /phpmyadmin/index.php?route=/database/sql&db=cyklistickey&ajax_request=true&ajax_page_request=true&_nocache=1736777423810483493&token=50484a2d4c333d374360694c574b227e HTTP/1.1" 200 5650
::1 - - [13/Jan/2025:15:10:24 +0100] "POST /phpmyadmin/index.php?route=/navigation&ajax_request=1 HTTP/1.1" 200 2426
::1 - - [13/Jan/2025:15:23:46 +0100] "GET /phpmyadmin/index.php?route=/database/structure&db=cyklistickey&ajax_request=true&ajax_page_request=true&_nocache=173677822689043085&token=50484a2d4c333d374360694c574b227e HTTP/1.1" 200 3423
::1 - - [13/Jan/2025:15:23:47 +0100] "POST /phpmyadmin/index.php?route=/navigation&ajax_request=1 HTTP/1.1" 200 2426
::1 - - [13/Jan/2025:15:24:06 +0100] "GET /phpmyadmin/index.php?route=/database/structure&db=cyklistickey&ajax_request=true&ajax_page_request=true&_nocache=1736778246084507090&token=50484a2d4c333d374360694c574b227e HTTP/1.1" 200 8120
::1 - - [13/Jan/2025:15:24:06 +0100] "POST /phpmyadmin/index.php?route=/navigation&ajax_request=1 HTTP/1.1" 200 3261
::1 - - [13/Jan/2025:15:24:11 +0100] "GET /phpmyadmin/index.php?route=/sql&db=cyklistickey&table=admin_access&pos=0&ajax_request=true&ajax_page_request=true&_nocache=173677825103128181&token=50484a2d4c333d374360694c574b227e HTTP/1.1" 200 193
::1 - - [13/Jan/2025:15:24:12 +0100] "GET /phpmyadmin/index.php?route=%2Fdatabase%2Fstructure&db=cyklistickey&server=1&ajax_request=true&ajax_page_request=true&_nocache=173677825226660372&token=50484a2d4c333d374360694c574b227e HTTP/1.1" 200 8120
::1 - - [13/Jan/2025:15:24:12 +0100] "POST /phpmyadmin/index.php?route=/navigation&ajax_request=1 HTTP/1.1" 200 3261
::1 - - [13/Jan/2025:15:24:14 +0100] "GET /phpmyadmin/index.php?route=/database/sql&db=cyklistickey&ajax_request=true&ajax_page_request=true&_nocache=1736778254195882238&token=50484a2d4c333d374360694c574b227e HTTP/1.1" 200 5650
::1 - - [13/Jan/2025:15:24:14 +0100] "POST /phpmyadmin/index.php?route=/navigation&ajax_request=1 HTTP/1.1" 200 3261
::1 - - [13/Jan/2025:15:24:23 +0100] "POST /phpmyadmin/index.php?route=/database/sql/autocomplete HTTP/1.1" 200 1741
::1 - - [13/Jan/2025:15:24:23 +0100] "POST /phpmyadmin/index.php?route=/lint HTTP/1.1" 200 28
::1 - - [13/Jan/2025:15:24:25 +0100] "POST /phpmyadmin/index.php?route=/import HTTP/1.1" 200 4682
::1 - - [13/Jan/2025:15:24:37 +0100] "GET /phpmyadmin/index.php?route=/database/sql&db=cyklistickey&ajax_request=true&ajax_page_request=true&_nocache=1736778277165620027&token=50484a2d4c333d374360694c574b227e HTTP/1.1" 200 5650
::1 - - [13/Jan/2025:15:24:37 +0100] "POST /phpmyadmin/index.php?route=/navigation&ajax_request=1 HTTP/1.1" 200 3261
::1 - - [13/Jan/2025:15:24:38 +0100] "POST /phpmyadmin/index.php?route=/database/sql/autocomplete HTTP/1.1" 200 1741
::1 - - [13/Jan/2025:15:24:38 +0100] "POST /phpmyadmin/index.php?route=/lint HTTP/1.1" 200 28
::1 - - [13/Jan/2025:15:24:41 +0100] "POST /phpmyadmin/index.php?route=/lint HTTP/1.1" 200 28
::1 - - [13/Jan/2025:15:24:42 +0100] "POST /phpmyadmin/index.php?route=/import HTTP/1.1" 200 4070
::1 - - [13/Jan/2025:15:24:50 +0100] "GET /phpmyadmin/index.php?route=/database/sql&db=cyklistickey&ajax_request=true&ajax_page_request=true&_nocache=17367782906871029&token=50484a2d4c333d374360694c574b227e HTTP/1.1" 200 5650
::1 - - [13/Jan/2025:15:24:51 +0100] "POST /phpmyadmin/index.php?route=/navigation&ajax_request=1 HTTP/1.1" 200 3261
::1 - - [13/Jan/2025:15:24:52 +0100] "POST /phpmyadmin/index.php?route=/database/sql/autocomplete HTTP/1.1" 200 1741
::1 - - [13/Jan/2025:15:24:53 +0100] "POST /phpmyadmin/index.php?route=/lint HTTP/1.1" 200 159
::1 - - [13/Jan/2025:15:24:55 +0100] "POST /phpmyadmin/index.php?route=/lint HTTP/1.1" 200 143
::1 - - [13/Jan/2025:15:24:58 +0100] "POST /phpmyadmin/index.php?route=/lint HTTP/1.1" 200 143
::1 - - [13/Jan/2025:15:24:59 +0100] "POST /phpmyadmin/index.php?route=/lint HTTP/1.1" 200 143
::1 - - [13/Jan/2025:15:25:00 +0100] "POST /phpmyadmin/index.php?route=/lint HTTP/1.1" 200 164
::1 - - [13/Jan/2025:15:25:02 +0100] "POST /phpmyadmin/index.php?route=/lint HTTP/1.1" 200 163
::1 - - [13/Jan/2025:15:25:03 +0100] "POST /phpmyadmin/index.php?route=/lint HTTP/1.1" 200 28
::1 - - [13/Jan/2025:15:25:07 +0100] "POST /phpmyadmin/index.php?route=/import HTTP/1.1" 200 468
::1 - - [13/Jan/2025:15:25:12 +0100] "POST /phpmyadmin/index.php?route=/lint HTTP/1.1" 200 28
::1 - - [13/Jan/2025:15:25:17 +0100] "POST /phpmyadmin/index.php?route=/lint HTTP/1.1" 200 28
::1 - - [13/Jan/2025:15:25:20 +0100] "POST /phpmyadmin/index.php?route=/lint HTTP/1.1" 200 28
::1 - - [13/Jan/2025:15:25:21 +0100] "POST /phpmyadmin/index.php?route=/import HTTP/1.1" 200 4072
::1 - - [13/Jan/2025:15:25:27 +0100] "GET /phpmyadmin/index.php?route=/database/structure&db=cyklistickey&ajax_request=true&ajax_page_request=true&_nocache=1736778327296109241&token=50484a2d4c333d374360694c574b227e HTTP/1.1" 200 8120
::1 - - [13/Jan/2025:15:25:27 +0100] "POST /phpmyadmin/index.php?route=/navigation&ajax_request=1 HTTP/1.1" 200 3261
::1 - - [13/Jan/2025:15:25:30 +0100] "GET /phpmyadmin/index.php?route=/sql&db=cyklistickey&table=clanky&pos=0&ajax_request=true&ajax_page_request=true&_nocache=1736778330682716370&token=50484a2d4c333d374360694c574b227e HTTP/1.1" 200 189
::1 - - [13/Jan/2025:15:27:00 +0100] "GET /phpmyadmin/index.php?route=/database/sql&db=cyklistickey&ajax_request=true&ajax_page_request=true&_nocache=1736778420310925270&token=50484a2d4c333d374360694c574b227e HTTP/1.1" 200 5650
::1 - - [13/Jan/2025:15:27:00 +0100] "POST /phpmyadmin/index.php?route=/navigation&ajax_request=1 HTTP/1.1" 200 3261
::1 - - [13/Jan/2025:15:27:01 +0100] "POST /phpmyadmin/index.php?route=/database/sql/autocomplete HTTP/1.1" 200 1741
::1 - - [13/Jan/2025:15:27:02 +0100] "POST /phpmyadmin/index.php?route=/lint HTTP/1.1" 200 28
::1 - - [13/Jan/2025:15:27:03 +0100] "POST /phpmyadmin/index.php?route=/import HTTP/1.1" 200 4675
::1 - - [13/Jan/2025:15:49:46 +0100] "GET /phpmyadmin/index.php?route=/database/structure&db=cyklistickey&ajax_request=true&ajax_page_request=true&_nocache=1736779786451153014&token=50484a2d4c333d374360694c574b227e HTTP/1.1" 200 8120
::1 - - [13/Jan/2025:15:49:47 +0100] "POST /phpmyadmin/index.php?route=/navigation&ajax_request=1 HTTP/1.1" 200 3261
::1 - - [13/Jan/2025:15:50:03 +0100] "GET /phpmyadmin/index.php?route=/database/structure&db=cyklistickey HTTP/1.1" 200 13258
::1 - - [13/Jan/2025:15:50:04 +0100] "GET /phpmyadmin/js/messages.php?l=cs&v=5.2.1 HTTP/1.1" 200 9396
::1 - - [13/Jan/2025:15:50:04 +0100] "POST /phpmyadmin/index.php?route=/config/get HTTP/1.1" 200 1552
::1 - - [13/Jan/2025:15:50:04 +0100] "POST /phpmyadmin/index.php?route=/config/get HTTP/1.1" 200 1655
::1 - - [13/Jan/2025:15:50:04 +0100] "POST /phpmyadmin/index.php?route=/navigation&ajax_request=1 HTTP/1.1" 200 2426
::1 - - [13/Jan/2025:15:50:05 +0100] "POST /phpmyadmin/index.php?route=/config/set HTTP/1.1" 200 1544
::1 - - [13/Jan/2025:15:50:06 +0100] "GET /phpmyadmin/index.php?route=/database/structure&db=cyklistickey&ajax_request=true&ajax_page_request=true&_nocache=173677980656478285&token=50484a2d4c333d374360694c574b227e HTTP/1.1" 200 3423
::1 - - [13/Jan/2025:15:50:06 +0100] "POST /phpmyadmin/index.php?route=/navigation&ajax_request=1 HTTP/1.1" 200 2426
::1 - - [13/Jan/2025:15:57:18 +0100] "GET /phpmyadmin/index.php?route=/database/sql&db=cyklistickey&ajax_request=true&ajax_page_request=true&_nocache=1736780237844115945&token=50484a2d4c333d374360694c574b227e HTTP/1.1" 200 5650
::1 - - [13/Jan/2025:15:57:18 +0100] "POST /phpmyadmin/index.php?route=/navigation&ajax_request=1 HTTP/1.1" 200 2426
::1 - - [13/Jan/2025:15:57:19 +0100] "POST /phpmyadmin/index.php?route=/database/sql/autocomplete HTTP/1.1" 200 1656
::1 - - [13/Jan/2025:15:57:20 +0100] "POST /phpmyadmin/index.php?route=/lint HTTP/1.1" 200 28
::1 - - [13/Jan/2025:15:57:22 +0100] "POST /phpmyadmin/index.php?route=/import HTTP/1.1" 200 597
::1 - - [13/Jan/2025:15:57:27 +0100] "GET /phpmyadmin/index.php?route=/database/structure&db=cyklistickey&ajax_request=true&ajax_page_request=true&_nocache=1736780247170831239&token=50484a2d4c333d374360694c574b227e HTTP/1.1" 200 3423
::1 - - [13/Jan/2025:15:57:27 +0100] "POST /phpmyadmin/index.php?route=/navigation&ajax_request=1 HTTP/1.1" 200 2426
::1 - - [13/Jan/2025:15:57:28 +0100] "GET /phpmyadmin/index.php?route=/database/structure&db=cyklistickey&ajax_request=true&ajax_page_request=true&_nocache=1736780248475894981&token=50484a2d4c333d374360694c574b227e HTTP/1.1" 200 3423
::1 - - [13/Jan/2025:15:57:28 +0100] "POST /phpmyadmin/index.php?route=/navigation&ajax_request=1 HTTP/1.1" 200 2426
::1 - - [13/Jan/2025:15:57:43 +0100] "GET /phpmyadmin/index.php?route=/database/structure&db=cyklistickey HTTP/1.1" 302 11544
::1 - - [13/Jan/2025:15:57:44 +0100] "GET /phpmyadmin/index.php?route=/&reload=1 HTTP/1.1" 200 18781
::1 - - [13/Jan/2025:15:57:45 +0100] "POST /phpmyadmin/index.php?route=/config/get HTTP/1.1" 200 1552
::1 - - [13/Jan/2025:15:57:45 +0100] "POST /phpmyadmin/index.php?route=/config/get HTTP/1.1" 200 1655
::1 - - [13/Jan/2025:15:57:45 +0100] "POST /phpmyadmin/index.php?route=/navigation&ajax_request=1 HTTP/1.1" 200 2372
::1 - - [13/Jan/2025:15:57:45 +0100] "POST /phpmyadmin/index.php?route=/version-check HTTP/1.1" 200 64
::1 - - [13/Jan/2025:15:57:45 +0100] "POST /phpmyadmin/index.php?route=/database/structure/favorite-table&ajax_request=1&favorite_table=1&sync_favorite_tables=1 HTTP/1.1" 200 175
::1 - - [13/Jan/2025:15:57:45 +0100] "POST /phpmyadmin/index.php?route=/config/set HTTP/1.1" 200 1544
::1 - - [13/Jan/2025:15:57:47 +0100] "GET /phpmyadmin/index.php?route=/server/databases&ajax_request=true&ajax_page_request=true&_nocache=1736780267038261010&token=50484a2d4c333d374360694c574b227e HTTP/1.1" 200 8102
::1 - - [13/Jan/2025:15:57:47 +0100] "GET /phpmyadmin/js/dist/server/databases.js?v=5.2.1 HTTP/1.1" 200 4659
::1 - - [13/Jan/2025:15:57:48 +0100] "POST /phpmyadmin/index.php?route=/navigation&ajax_request=1 HTTP/1.1" 200 2372
::1 - - [13/Jan/2025:15:57:56 +0100] "POST /phpmyadmin/index.php?route=/server/databases/create HTTP/1.1" 200 1968
::1 - - [13/Jan/2025:15:57:56 +0100] "POST /phpmyadmin/index.php?route=/navigation&ajax_request=1 HTTP/1.1" 200 2413
::1 - - [13/Jan/2025:15:57:56 +0100] "GET /phpmyadmin/index.php?route=/database/structure&db=cyklistickey&ajax_request=true&ajax_page_request=true&_nocache=1736780276837975192&token=50484a2d4c333d374360694c574b227e HTTP/1.1" 200 3423
::1 - - [13/Jan/2025:15:57:57 +0100] "POST /phpmyadmin/index.php?route=/navigation&ajax_request=1 HTTP/1.1" 200 1570
::1 - - [13/Jan/2025:15:57:57 +0100] "POST /phpmyadmin/index.php?route=/navigation&ajax_request=1 HTTP/1.1" 200 2413
::1 - - [13/Jan/2025:15:57:57 +0100] "POST /phpmyadmin/index.php?route=/navigation&ajax_request=1 HTTP/1.1" 200 1570
::1 - - [13/Jan/2025:15:57:58 +0100] "GET /phpmyadmin/index.php?route=/database/sql&db=cyklistickey&ajax_request=true&ajax_page_request=true&_nocache=1736780278265748035&token=50484a2d4c333d374360694c574b227e HTTP/1.1" 200 5650
::1 - - [13/Jan/2025:15:57:58 +0100] "POST /phpmyadmin/index.php?route=/navigation&ajax_request=1 HTTP/1.1" 200 2426
::1 - - [13/Jan/2025:15:57:59 +0100] "POST /phpmyadmin/index.php?route=/database/sql/autocomplete HTTP/1.1" 200 1656
::1 - - [13/Jan/2025:15:57:59 +0100] "POST /phpmyadmin/index.php?route=/lint HTTP/1.1" 200 28
::1 - - [13/Jan/2025:15:58:00 +0100] "POST /phpmyadmin/index.php?route=/import HTTP/1.1" 200 597
::1 - - [13/Jan/2025:16:47:54 +0100] "POST /phpmyadmin/index.php?route=/ HTTP/1.1" 200 1645
::1 - - [13/Jan/2025:16:51:08 +0100] "GET /phpmyadmin/index.php?route=/database/structure&db=cyklistickey&ajax_request=true&ajax_page_request=true&_nocache=1736783468074219997&token=50484a2d4c333d374360694c574b227e HTTP/1.1" 200 3423
::1 - - [13/Jan/2025:16:51:09 +0100] "POST /phpmyadmin/index.php?route=/navigation&ajax_request=1 HTTP/1.1" 200 2426
::1 - - [13/Jan/2025:16:51:14 +0100] "GET /phpmyadmin/index.php?route=/database/operations&db=cyklistickey&ajax_request=true&ajax_page_request=true&_nocache=1736783474738950165&token=50484a2d4c333d374360694c574b227e HTTP/1.1" 200 8045
::1 - - [13/Jan/2025:16:51:15 +0100] "GET /phpmyadmin/js/dist/database/operations.js?v=5.2.1 HTTP/1.1" 200 5749
::1 - - [13/Jan/2025:16:51:15 +0100] "GET /phpmyadmin/themes/pmahomme/img/b_comment.png HTTP/1.1" 200 342
::1 - - [13/Jan/2025:16:51:15 +0100] "POST /phpmyadmin/index.php?route=/navigation&ajax_request=1 HTTP/1.1" 200 2426
::1 - - [13/Jan/2025:16:51:20 +0100] "POST /phpmyadmin/index.php HTTP/1.1" 200 1961
::1 - - [13/Jan/2025:16:51:20 +0100] "POST /phpmyadmin/index.php?route=/navigation&ajax_request=1 HTTP/1.1" 200 2372
::1 - - [13/Jan/2025:16:51:20 +0100] "GET /phpmyadmin/index.php?route=/server/databases&server=1&db=&table=&ajax_request=true&ajax_page_request=true&_nocache=1736783480937652148&token=50484a2d4c333d374360694c574b227e HTTP/1.1" 200 8102
::1 - - [13/Jan/2025:16:51:21 +0100] "POST /phpmyadmin/index.php?route=/navigation&ajax_request=1 HTTP/1.1" 200 2372
::1 - - [13/Jan/2025:16:57:35 +0100] "GET /phpmyadmin/index.php?route=/server/sql&ajax_request=true&ajax_page_request=true&_nocache=1736783855402891196&token=50484a2d4c333d374360694c574b227e HTTP/1.1" 200 5506
::1 - - [13/Jan/2025:16:57:35 +0100] "POST /phpmyadmin/index.php?route=/navigation&ajax_request=1 HTTP/1.1" 200 2372
::1 - - [13/Jan/2025:16:57:36 +0100] "POST /phpmyadmin/index.php?route=/database/sql/autocomplete HTTP/1.1" 200 1550
::1 - - [13/Jan/2025:16:57:37 +0100] "POST /phpmyadmin/index.php?route=/lint HTTP/1.1" 200 28
::1 - - [13/Jan/2025:16:57:40 +0100] "POST /phpmyadmin/index.php?route=/import HTTP/1.1" 200 597
::1 - - [13/Jan/2025:17:00:05 +0100] "GET /phpmyadmin/index.php?route=/server/sql&ajax_request=true&ajax_page_request=true&_nocache=1736784005184455042&token=50484a2d4c333d374360694c574b227e HTTP/1.1" 200 5506
::1 - - [13/Jan/2025:17:00:05 +0100] "POST /phpmyadmin/index.php?route=/navigation&ajax_request=1 HTTP/1.1" 200 2372
::1 - - [13/Jan/2025:17:00:17 +0100] "POST /phpmyadmin/index.php?route=/database/sql/autocomplete HTTP/1.1" 200 1550
::1 - - [13/Jan/2025:17:00:18 +0100] "POST /phpmyadmin/index.php?route=/lint HTTP/1.1" 200 28
::1 - - [13/Jan/2025:17:00:19 +0100] "POST /phpmyadmin/index.php?route=/import HTTP/1.1" 200 597
::1 - - [13/Jan/2025:17:00:44 +0100] "GET /phpmyadmin/index.php?route=/server/databases&ajax_request=true&ajax_page_request=true&_nocache=1736784044611185321&token=50484a2d4c333d374360694c574b227e HTTP/1.1" 200 8177
::1 - - [13/Jan/2025:17:00:44 +0100] "POST /phpmyadmin/index.php?route=/navigation&ajax_request=1 HTTP/1.1" 200 2413
::1 - - [13/Jan/2025:17:00:46 +0100] "GET /phpmyadmin/index.php?route=/database/structure&db=cyklistickey&ajax_request=true&ajax_page_request=true&_nocache=173678404673795054&token=50484a2d4c333d374360694c574b227e HTTP/1.1" 200 3423
::1 - - [13/Jan/2025:17:00:47 +0100] "POST /phpmyadmin/index.php?route=/navigation&ajax_request=1 HTTP/1.1" 200 2413
::1 - - [13/Jan/2025:17:00:47 +0100] "POST /phpmyadmin/index.php?route=/navigation&ajax_request=1 HTTP/1.1" 200 1570
::1 - - [13/Jan/2025:17:00:47 +0100] "POST /phpmyadmin/index.php?route=/navigation&ajax_request=1 HTTP/1.1" 200 1570
::1 - - [13/Jan/2025:17:00:56 +0100] "POST /phpmyadmin/index.php?route=/config/set HTTP/1.1" 200 1544
::1 - - [13/Jan/2025:17:00:56 +0100] "POST /phpmyadmin/index.php?route=/config/set HTTP/1.1" 200 1544
::1 - - [13/Jan/2025:17:02:23 +0100] "GET /phpmyadmin/index.php?route=/database/structure&db=cyklistickey&ajax_request=true&ajax_page_request=true&_nocache=1736784143656480522&token=50484a2d4c333d374360694c574b227e HTTP/1.1" 200 2228
::1 - - [13/Jan/2025:17:02:27 +0100] "GET /phpmyadmin/index.php?route=/database/structure&db=information_schema&ajax_request=true&ajax_page_request=true&_nocache=1736784147161949362&token=50484a2d4c333d374360694c574b227e HTTP/1.1" 200 2019
::1 - - [13/Jan/2025:17:02:32 +0100] "POST /phpmyadmin/index.php?route=/navigation&ajax_request=1 HTTP/1.1" 200 2070
::1 - - [13/Jan/2025:17:05:24 +0100] "GET /phpmyadmin/index.php?route=/database/structure&db=information_schema HTTP/1.1" 200 23909
::1 - - [13/Jan/2025:17:05:25 +0100] "GET /phpmyadmin/js/messages.php?l=cs&v=5.2.1 HTTP/1.1" 200 9396
::1 - - [13/Jan/2025:17:05:25 +0100] "GET /phpmyadmin/themes/pmahomme/img/b_select.png HTTP/1.1" 200 593
::1 - - [13/Jan/2025:17:05:26 +0100] "POST /phpmyadmin/index.php?route=/config/get HTTP/1.1" 200 1545
::1 - - [13/Jan/2025:17:05:26 +0100] "POST /phpmyadmin/index.php?route=/navigation&ajax_request=1 HTTP/1.1" 200 4379
::1 - - [13/Jan/2025:17:05:28 +0100] "GET /phpmyadmin/themes/pmahomme/img/b_views.png HTTP/1.1" 200 603
::1 - - [13/Jan/2025:17:05:26 +0100] "POST /phpmyadmin/index.php?route=/config/get HTTP/1.1" 200 1636
::1 - - [13/Jan/2025:17:05:28 +0100] "POST /phpmyadmin/index.php?route=/config/set HTTP/1.1" 200 1537
::1 - - [13/Jan/2025:17:05:28 +0100] "GET /phpmyadmin/index.php?route=/database/sql&db=information_schema&ajax_request=true&ajax_page_request=true&_nocache=1736784328662460889&token=50484a2d4c333d374360694c574b227e HTTP/1.1" 200 5133
::1 - - [13/Jan/2025:17:05:45 +0100] "POST /phpmyadmin/index.php?route=/database/sql/autocomplete HTTP/1.1" 200 9799
::1 - - [13/Jan/2025:17:05:46 +0100] "POST /phpmyadmin/index.php?route=/lint HTTP/1.1" 200 28
::1 - - [13/Jan/2025:17:05:48 +0100] "POST /phpmyadmin/index.php?route=/import HTTP/1.1" 200 650
::1 - - [13/Jan/2025:17:06:32 +0100] "GET /phpmyadmin/index.php?route=/database/structure&db=mysql&ajax_request=true&ajax_page_request=true&_nocache=1736784392281235322&token=50484a2d4c333d374360694c574b227e HTTP/1.1" 200 12288
::1 - - [13/Jan/2025:17:06:32 +0100] "GET /phpmyadmin/themes/pmahomme/img/b_empty.png HTTP/1.1" 200 521
::1 - - [13/Jan/2025:17:06:32 +0100] "POST /phpmyadmin/index.php?route=/navigation&ajax_request=1 HTTP/1.1" 200 2359
::1 - - [13/Jan/2025:17:06:33 +0100] "POST /phpmyadmin/index.php?route=/navigation&ajax_request=1 HTTP/1.1" 200 3363
::1 - - [13/Jan/2025:17:06:40 +0100] "GET /phpmyadmin/index.php HTTP/1.1" 200 18188
::1 - - [13/Jan/2025:17:06:41 +0100] "POST /phpmyadmin/index.php?route=/config/get HTTP/1.1" 200 1636
::1 - - [13/Jan/2025:17:06:41 +0100] "POST /phpmyadmin/index.php?route=/navigation&ajax_request=1 HTTP/1.1" 200 6384
::1 - - [13/Jan/2025:17:06:41 +0100] "POST /phpmyadmin/index.php?route=/config/get HTTP/1.1" 200 1545
::1 - - [13/Jan/2025:17:06:41 +0100] "POST /phpmyadmin/index.php?route=/version-check HTTP/1.1" 200 64
::1 - - [13/Jan/2025:17:06:41 +0100] "POST /phpmyadmin/index.php?route=/config/set HTTP/1.1" 200 1537
::1 - - [13/Jan/2025:17:06:43 +0100] "GET /phpmyadmin/index.php?route=/database/structure&db=cyklistickey&ajax_request=true&ajax_page_request=true&_nocache=1736784403364423167&token=50484a2d4c333d374360694c574b227e HTTP/1.1" 200 3345
::1 - - [13/Jan/2025:17:06:43 +0100] "POST /phpmyadmin/index.php?route=/navigation&ajax_request=1 HTTP/1.1" 200 1562
::1 - - [13/Jan/2025:17:06:45 +0100] "GET /phpmyadmin/index.php?route=/database/sql&db=cyklistickey&ajax_request=true&ajax_page_request=true&_nocache=1736784405774931835&token=50484a2d4c333d374360694c574b227e HTTP/1.1" 200 5368
::1 - - [13/Jan/2025:17:06:46 +0100] "POST /phpmyadmin/index.php?route=/database/sql/autocomplete HTTP/1.1" 200 1576
::1 - - [13/Jan/2025:17:06:47 +0100] "POST /phpmyadmin/index.php?route=/lint HTTP/1.1" 200 28
::1 - - [13/Jan/2025:17:06:55 +0100] "POST /phpmyadmin/index.php?route=/lint HTTP/1.1" 200 28
::1 - - [13/Jan/2025:17:06:58 +0100] "POST /phpmyadmin/index.php?route=/import HTTP/1.1" 200 3504
::1 - - [13/Jan/2025:17:07:04 +0100] "GET /phpmyadmin/index.php?route=/database/structure&db=cyklistickey&ajax_request=true&ajax_page_request=true&_nocache=1736784424456631740&token=50484a2d4c333d374360694c574b227e HTTP/1.1" 200 8041
::1 - - [13/Jan/2025:17:07:06 +0100] "GET /phpmyadmin/index.php?route=/database/structure&db=cyklistickey&ajax_request=true&ajax_page_request=true&_nocache=1736784426125773519&token=50484a2d4c333d374360694c574b227e HTTP/1.1" 200 8041
::1 - - [13/Jan/2025:17:07:07 +0100] "GET /phpmyadmin/index.php?route=/database/structure&db=information_schema&ajax_request=true&ajax_page_request=true&_nocache=1736784427513176010&token=50484a2d4c333d374360694c574b227e HTTP/1.1" 200 15835
::1 - - [13/Jan/2025:17:07:08 +0100] "GET /phpmyadmin/index.php?route=/database/structure&db=cyklistickey&ajax_request=true&ajax_page_request=true&_nocache=1736784428719569644&token=50484a2d4c333d374360694c574b227e HTTP/1.1" 200 8041
127.0.0.1 - - [13/Jan/2025:17:07:14 +0100] "GET / HTTP/1.1" 200 2079
::1 - - [13/Jan/2025:17:11:28 +0100] "GET /phpmyadmin/index.php?route=/database/structure&db=cyklistickey&ajax_request=true&ajax_page_request=true&_nocache=1736784688634917780&token=50484a2d4c333d374360694c574b227e HTTP/1.1" 200 8041
::1 - - [13/Jan/2025:17:11:31 +0100] "GET /phpmyadmin/index.php?route=/sql&db=cyklistickey&table=audio&pos=0&ajax_request=true&ajax_page_request=true&_nocache=1736784691379583228&token=50484a2d4c333d374360694c574b227e HTTP/1.1" 200 5707
::1 - - [13/Jan/2025:17:11:32 +0100] "GET /phpmyadmin/index.php?route=/recent-table&ajax_request=1&recent_table=1&no_debug=true&_nocache=1736784691955476974&token=50484a2d4c333d374360694c574b227e HTTP/1.1" 200 1606
::1 - - [13/Jan/2025:17:11:33 +0100] "GET /phpmyadmin/index.php?route=/database/structure&db=cyklistickey&ajax_request=true&ajax_page_request=true&_nocache=1736784693851250546&token=50484a2d4c333d374360694c574b227e HTTP/1.1" 200 8041
::1 - - [13/Jan/2025:17:11:35 +0100] "GET /phpmyadmin/index.php?route=/sql&db=cyklistickey&table=clanky&pos=0&ajax_request=true&ajax_page_request=true&_nocache=1736784695220731643&token=50484a2d4c333d374360694c574b227e HTTP/1.1" 200 5762
::1 - - [13/Jan/2025:17:11:35 +0100] "GET /phpmyadmin/index.php?route=/recent-table&ajax_request=1&recent_table=1&no_debug=true&_nocache=1736784695581650949&token=50484a2d4c333d374360694c574b227e HTTP/1.1" 200 1606
::1 - - [13/Jan/2025:17:11:42 +0100] "GET /phpmyadmin/index.php?route=/database/structure&db=cyklistickey&ajax_request=true&ajax_page_request=true&_nocache=1736784702018545174&token=50484a2d4c333d374360694c574b227e HTTP/1.1" 200 8041
::1 - - [13/Jan/2025:17:11:46 +0100] "GET /phpmyadmin/index.php?route=/sql&db=cyklistickey&table=users&pos=0&ajax_request=true&ajax_page_request=true&_nocache=1736784706453331073&token=50484a2d4c333d374360694c574b227e HTTP/1.1" 200 5720
::1 - - [13/Jan/2025:17:11:46 +0100] "GET /phpmyadmin/index.php?route=/recent-table&ajax_request=1&recent_table=1&no_debug=true&_nocache=1736784706802261679&token=50484a2d4c333d374360694c574b227e HTTP/1.1" 200 1617
::1 - - [13/Jan/2025:17:45:03 +0100] "POST /phpmyadmin/index.php?route=/ HTTP/1.1" 200 1566
::1 - - [13/Jan/2025:18:06:25 +0100] "POST /phpmyadmin/index.php?route=/ HTTP/1.1" 200 1566
::1 - - [13/Jan/2025:18:15:18 +0100] "POST /phpmyadmin/index.php?route=/ HTTP/1.1" 200 1566
::1 - - [13/Jan/2025:18:24:02 +0100] "POST /phpmyadmin/index.php?route=/ HTTP/1.1" 200 1566
::1 - - [13/Jan/2025:18:32:38 +0100] "POST /phpmyadmin/index.php?route=/ HTTP/1.1" 200 1566
::1 - - [13/Jan/2025:18:41:05 +0100] "POST /phpmyadmin/index.php?route=/ HTTP/1.1" 200 1566
::1 - - [13/Jan/2025:18:49:23 +0100] "POST /phpmyadmin/index.php?route=/ HTTP/1.1" 200 1566
::1 - - [13/Jan/2025:18:53:33 +0100] "GET /phpmyadmin/index.php?route=/database/structure&db=cyklistickey&ajax_request=true&ajax_page_request=true&_nocache=1736790813303102482&token=50484a2d4c333d374360694c574b227e HTTP/1.1" 200 8041
::1 - - [13/Jan/2025:18:53:38 +0100] "GET /phpmyadmin/index.php?route=/database/sql&db=cyklistickey&ajax_request=true&ajax_page_request=true&_nocache=1736790818045475999&token=50484a2d4c333d374360694c574b227e HTTP/1.1" 200 5368
::1 - - [13/Jan/2025:18:53:39 +0100] "POST /phpmyadmin/index.php?route=/database/sql/autocomplete HTTP/1.1" 200 2181
::1 - - [13/Jan/2025:18:53:39 +0100] "POST /phpmyadmin/index.php?route=/lint HTTP/1.1" 200 28
::1 - - [13/Jan/2025:18:53:41 +0100] "POST /phpmyadmin/index.php?route=/import HTTP/1.1" 200 527
::1 - - [13/Jan/2025:18:54:13 +0100] "POST /phpmyadmin/index.php?route=/lint HTTP/1.1" 200 28
::1 - - [13/Jan/2025:18:54:15 +0100] "POST /phpmyadmin/index.php?route=/import HTTP/1.1" 200 4364
::1 - - [13/Jan/2025:18:54:18 +0100] "GET /phpmyadmin/index.php?route=/database/structure&db=cyklistickey&ajax_request=true&ajax_page_request=true&_nocache=1736790858309330308&token=50484a2d4c333d374360694c574b227e HTTP/1.1" 200 8227
::1 - - [13/Jan/2025:19:18:13 +0100] "POST /phpmyadmin/index.php?route=/ HTTP/1.1" 200 1566
::1 - - [13/Jan/2025:19:39:40 +0100] "POST /phpmyadmin/index.php?route=/ HTTP/1.1" 200 1566
::1 - - [13/Jan/2025:20:00:46 +0100] "POST /phpmyadmin/index.php?route=/ HTTP/1.1" 200 1566
::1 - - [13/Jan/2025:20:21:31 +0100] "POST /phpmyadmin/index.php?route=/ HTTP/1.1" 200 1566
::1 - - [13/Jan/2025:20:41:55 +0100] "POST /phpmyadmin/index.php?route=/ HTTP/1.1" 200 1566
::1 - - [13/Jan/2025:21:01:59 +0100] "POST /phpmyadmin/index.php?route=/ HTTP/1.1" 200 1566
::1 - - [13/Jan/2025:21:21:43 +0100] "POST /phpmyadmin/index.php?route=/ HTTP/1.1" 200 1566
::1 - - [13/Jan/2025:21:41:07 +0100] "POST /phpmyadmin/index.php?route=/ HTTP/1.1" 200 1566
::1 - - [13/Jan/2025:22:00:20 +0100] "POST /phpmyadmin/index.php?route=/ HTTP/1.1" 200 1566
::1 - - [13/Jan/2025:22:19:05 +0100] "POST /phpmyadmin/index.php?route=/ HTTP/1.1" 200 1566
::1 - - [13/Jan/2025:22:37:31 +0100] "POST /phpmyadmin/index.php?route=/ HTTP/1.1" 200 1566
::1 - - [13/Jan/2025:22:55:39 +0100] "POST /phpmyadmin/index.php?route=/ HTTP/1.1" 200 1566
::1 - - [14/Jan/2025:06:42:53 +0100] "POST /phpmyadmin/index.php?route=/ HTTP/1.1" 200 1566
::1 - - [14/Jan/2025:07:00:30 +0100] "POST /phpmyadmin/index.php?route=/ HTTP/1.1" 200 1566
::1 - - [14/Jan/2025:08:58:23 +0100] "POST /phpmyadmin/index.php?route=/ HTTP/1.1" 200 1566
::1 - - [14/Jan/2025:09:14:18 +0100] "POST /phpmyadmin/index.php?route=/ HTTP/1.1" 200 1566
::1 - - [14/Jan/2025:09:29:55 +0100] "POST /phpmyadmin/index.php?route=/ HTTP/1.1" 200 1566
::1 - - [14/Jan/2025:09:45:17 +0100] "POST /phpmyadmin/index.php?route=/ HTTP/1.1" 200 1566
::1 - - [14/Jan/2025:10:00:23 +0100] "POST /phpmyadmin/index.php?route=/ HTTP/1.1" 200 1566
::1 - - [14/Jan/2025:10:15:23 +0100] "POST /phpmyadmin/index.php?route=/ HTTP/1.1" 200 1566
::1 - - [14/Jan/2025:10:29:59 +0100] "POST /phpmyadmin/index.php?route=/ HTTP/1.1" 200 1566
::1 - - [14/Jan/2025:10:44:21 +0100] "POST /phpmyadmin/index.php?route=/ HTTP/1.1" 200 1566
::1 - - [14/Jan/2025:10:58:28 +0100] "POST /phpmyadmin/index.php?route=/ HTTP/1.1" 200 1566
::1 - - [14/Jan/2025:13:47:20 +0100] "POST /phpmyadmin/index.php?route=/ HTTP/1.1" 200 1566
::1 - - [14/Jan/2025:14:30:59 +0100] "POST /phpmyadmin/index.php?route=/ HTTP/1.1" 200 1566
::1 - - [14/Jan/2025:14:53:51 +0100] "POST /phpmyadmin/index.php?route=/ HTTP/1.1" 200 1566
::1 - - [14/Jan/2025:15:16:20 +0100] "POST /phpmyadmin/index.php?route=/ HTTP/1.1" 200 1566
::1 - - [14/Jan/2025:15:38:26 +0100] "POST /phpmyadmin/index.php?route=/ HTTP/1.1" 200 1566
::1 - - [14/Jan/2025:16:00:10 +0100] "POST /phpmyadmin/index.php?route=/ HTTP/1.1" 200 1566
::1 - - [14/Jan/2025:16:21:32 +0100] "POST /phpmyadmin/index.php?route=/ HTTP/1.1" 200 1566
::1 - - [14/Jan/2025:16:42:33 +0100] "POST /phpmyadmin/index.php?route=/ HTTP/1.1" 200 1566
::1 - - [14/Jan/2025:17:03:13 +0100] "POST /phpmyadmin/index.php?route=/ HTTP/1.1" 200 1566
::1 - - [14/Jan/2025:17:23:32 +0100] "POST /phpmyadmin/index.php?route=/ HTTP/1.1" 200 1566
::1 - - [14/Jan/2025:17:43:31 +0100] "POST /phpmyadmin/index.php?route=/ HTTP/1.1" 200 1566
::1 - - [14/Jan/2025:18:03:10 +0100] "POST /phpmyadmin/index.php?route=/ HTTP/1.1" 200 1566
::1 - - [14/Jan/2025:18:22:29 +0100] "POST /phpmyadmin/index.php?route=/ HTTP/1.1" 200 1566
::1 - - [14/Jan/2025:18:41:26 +0100] "POST /phpmyadmin/index.php?route=/ HTTP/1.1" 200 1566
::1 - - [14/Jan/2025:19:00:04 +0100] "POST /phpmyadmin/index.php?route=/ HTTP/1.1" 200 1566
::1 - - [14/Jan/2025:19:18:23 +0100] "POST /phpmyadmin/index.php?route=/ HTTP/1.1" 200 1566
::1 - - [14/Jan/2025:19:36:24 +0100] "POST /phpmyadmin/index.php?route=/ HTTP/1.1" 200 1566
::1 - - [14/Jan/2025:19:54:07 +0100] "POST /phpmyadmin/index.php?route=/ HTTP/1.1" 200 1566
::1 - - [14/Jan/2025:20:11:32 +0100] "POST /phpmyadmin/index.php?route=/ HTTP/1.1" 200 1566
